Original columns: ['biography', 'detail_ai_maturity', 'detail_category', 'detail_country', 'detail_industry', 'detail_interests', 'detail_language', 'detail_motivation', 'detail_org_type', 'detail_position_type', 'detail_province', 'email', 'firstName', 'id', 'jobTitle', 'landlinePhone', 'lastName', 'mobilePhone', 'organization', 'photoUrl', 'social_dribbble', 'social_facebook', 'social_github', 'social_googleplus', 'social_instagram', 'social_linkedin', 'social_pinterest', 'social_skype', 'social_twitter', 'social_vimeo', 'social_youtube', 'userId', 'websiteUrl']
Total attendees: 2805

🧹 Cleaning text in all columns...

✅ Reorganized CSV saved to: data/runs/2025-09-12_172529/all_attendees_organized.csv
✅ Excel-safe version saved to: data/runs/2025-09-12_172529/all_attendees_organized_excel_safe.csv
Final columns (33): ['First Name', 'Last Name', 'Job Title', 'Organization', 'Country', 'Province/State', 'Attendee Category', 'Industry', 'Organization Type', 'Position Type']...

Sample of reorganized data:
      First Name  ...                              Attendee Category
0  Jean Francois  ...  Service Provider - AI or digital technologies
1       Philippe  ...  Service Provider - AI or digital technologies
2       Isabelle  ...  Service Provider - AI or digital technologies
3           Carl  ...  Service Provider - AI or digital technologies
4           Hugo  ...  Service Provider - AI or digital technologies

[5 rows x 5 columns]

📊 Statistics:
Total attendees: 2805
Countries represented: 25
Industries: 20
Organizations: 1462

🏆 Top 5 Countries:
Canada           2299
United States      96
France             32
Tunisia            15
Japan               9
Name: Country, dtype: int64

🏢 Top 5 Industries:
Software & Internet    472
Business Services      344
Other                  186
Government             177
Financial Services     176
Name: Industry, dtype: int64

🎯 AI Maturity Distribution:
Strategic adoption          1310
Pilot project underway       383
Partial deployment           340
Interest, but no project     198
No initiative planned         89
Name: AI Maturity Level, dtype: int64
