============================================================
ALL IN 2025 - ATTENDEE SCRAPER
Started at: 2025-09-12 17:25:30
============================================================
🚀 Starting automated complete scrape...
   Will automatically fetch all available pages

📄 Fetching initial page (attendees 1-30)...
📊 Total attendees available: 2805
📄 Estimated pages to fetch: 94
✅ Found 30 attendees on initial page
   First: Jean Francois Laplante
   Last: Andrea Roy
   Next cursor: WzEuNzAwMTk1MywiUlhabGJuUlFaVzl3YkdWZk5ERXpNemczT0...

📄 Fetching page 2...
   Using cursor: WzEuNzAwMTk1MywiUlhabGJuUlFaVzl3YkdWZk5ERXpNemczT0...
✅ Found 30 new attendees
📊 Progress: 60/2805 (2.1%)

📄 Fetching page 3...
   Using cursor: WzEuNzAwMTk1MywiUlhabGJuUlFaVzl3YkdWZk5ERXlPVGN3Tn...
✅ Found 30 new attendees
📊 Progress: 90/2805 (3.2%)

📄 Fetching page 4...
   Using cursor: WzEuNzAwMTk1MywiUlhabGJuUlFaVzl3YkdWZk5ERXlOVEkxT0...
✅ Found 30 new attendees
📊 Progress: 120/2805 (4.3%)

📄 Fetching page 5...
   Using cursor: WzEuNzAwMTk1MywiUlhabGJuUlFaVzl3YkdWZk5ERXhPVEF5Tk...
✅ Found 30 new attendees
📊 Progress: 150/2805 (5.3%)

📄 Fetching page 6...
   Using cursor: WzEuNzAwMTk1MywiUlhabGJuUlFaVzl3YkdWZk5ERXhNems0TW...
✅ Found 30 new attendees
📊 Progress: 180/2805 (6.4%)

📄 Fetching page 7...
   Using cursor: WzEuNzAwMTk1MywiUlhabGJuUlFaVzl3YkdWZk5ERXdNRFEwTm...
✅ Found 30 new attendees
📊 Progress: 210/2805 (7.5%)

📄 Fetching page 8...
   Using cursor: WzEuNzAwMTk1MywiUlhabGJuUlFaVzl3YkdWZk5ERTJPVFV4TX...
✅ Found 30 new attendees
📊 Progress: 240/2805 (8.6%)

📄 Fetching page 9...
   Using cursor: WzEuNzAwMTk1MywiUlhabGJuUlFaVzl3YkdWZk5ERTJORGsxTU...
✅ Found 30 new attendees
📊 Progress: 270/2805 (9.6%)

📄 Fetching page 10...
   Using cursor: WzEuNzAwMTk1MywiUlhabGJuUlFaVzl3YkdWZk5ERTJNemt6TU...
✅ Found 30 new attendees
📊 Progress: 300/2805 (10.7%)
💾 Checkpoint saved

📄 Fetching page 11...
   Using cursor: WzEuNzAwMTk1MywiUlhabGJuUlFaVzl3YkdWZk5ERTJNRGczTW...
✅ Found 30 new attendees
📊 Progress: 330/2805 (11.8%)

📄 Fetching page 12...
   Using cursor: WzEuNzAwMTk1MywiUlhabGJuUlFaVzl3YkdWZk5ERTJNRGcyTl...
✅ Found 30 new attendees
📊 Progress: 360/2805 (12.8%)

📄 Fetching page 13...
   Using cursor: WzEuNzAwMTk1MywiUlhabGJuUlFaVzl3YkdWZk5ERTFPVFE1Tl...
✅ Found 30 new attendees
📊 Progress: 390/2805 (13.9%)

📄 Fetching page 14...
   Using cursor: WzEuNzAwMTk1MywiUlhabGJuUlFaVzl3YkdWZk5ERTFOalF6T1...
✅ Found 30 new attendees
📊 Progress: 420/2805 (15.0%)

📄 Fetching page 15...
   Using cursor: WzEuNzAwMTk1MywiUlhabGJuUlFaVzl3YkdWZk5ERTFOakF3T0...
✅ Found 30 new attendees
📊 Progress: 450/2805 (16.0%)

📄 Fetching page 16...
   Using cursor: WzEuNzAwMTk1MywiUlhabGJuUlFaVzl3YkdWZk5ERTFNalU0TV...
✅ Found 30 new attendees
📊 Progress: 480/2805 (17.1%)

📄 Fetching page 17...
   Using cursor: WzEuNzAwMTk1MywiUlhabGJuUlFaVzl3YkdWZk5ERTBPREUyT1...
✅ Found 30 new attendees
📊 Progress: 510/2805 (18.2%)

📄 Fetching page 18...
   Using cursor: WzEuNzAwMTk1MywiUlhabGJuUlFaVzl3YkdWZk5ERTBORFF3T0...
✅ Found 30 new attendees
📊 Progress: 540/2805 (19.3%)

📄 Fetching page 19...
   Using cursor: WzEuNzAwMTk1MywiUlhabGJuUlFaVzl3YkdWZk5ERTBNRGcyTl...
✅ Found 30 new attendees
📊 Progress: 570/2805 (20.3%)

📄 Fetching page 20...
   Using cursor: WzEuNzAwMTk1MywiUlhabGJuUlFaVzl3YkdWZk5EQTVOakUyTm...
✅ Found 30 new attendees
📊 Progress: 600/2805 (21.4%)
💾 Checkpoint saved

📄 Fetching page 21...
   Using cursor: WzEuNzAwMTk1MywiUlhabGJuUlFaVzl3YkdWZk5EQTRORFU0TX...
✅ Found 30 new attendees
📊 Progress: 630/2805 (22.5%)

📄 Fetching page 22...
   Using cursor: WzEuNzAwMTk1MywiUlhabGJuUlFaVzl3YkdWZk5EQTNNemt4TV...
✅ Found 30 new attendees
📊 Progress: 660/2805 (23.5%)

📄 Fetching page 23...
   Using cursor: WzEuNzAwMTk1MywiUlhabGJuUlFaVzl3YkdWZk5EQTJNelEzTW...
✅ Found 30 new attendees
📊 Progress: 690/2805 (24.6%)

📄 Fetching page 24...
   Using cursor: WzEuNzAwMTk1MywiUlhabGJuUlFaVzl3YkdWZk5EQTFPVFk0T0...
✅ Found 30 new attendees
📊 Progress: 720/2805 (25.7%)

📄 Fetching page 25...
   Using cursor: WzEuNzAwMTk1MywiUlhabGJuUlFaVzl3YkdWZk5EQTFOVGt6T0...
✅ Found 30 new attendees
📊 Progress: 750/2805 (26.7%)

📄 Fetching page 26...
   Using cursor: WzEuNzAwMTk1MywiUlhabGJuUlFaVzl3YkdWZk5EQTFOVGswTV...
✅ Found 30 new attendees
📊 Progress: 780/2805 (27.8%)

📄 Fetching page 27...
   Using cursor: WzEuNzAwMTk1MywiUlhabGJuUlFaVzl3YkdWZk5EQTBOVEkyTn...
✅ Found 30 new attendees
📊 Progress: 810/2805 (28.9%)

📄 Fetching page 28...
   Using cursor: WzEuNzAwMTk1MywiUlhabGJuUlFaVzl3YkdWZk5EQTBNVGd6Tm...
✅ Found 30 new attendees
📊 Progress: 840/2805 (29.9%)

📄 Fetching page 29...
   Using cursor: WzEuNzAwMTk1MywiUlhabGJuUlFaVzl3YkdWZk5EQTBNVGd5T1...
✅ Found 30 new attendees
📊 Progress: 870/2805 (31.0%)

📄 Fetching page 30...
   Using cursor: WzEuNzAwMTk1MywiUlhabGJuUlFaVzl3YkdWZk5EQTBNVGcxT1...
✅ Found 30 new attendees
📊 Progress: 900/2805 (32.1%)
💾 Checkpoint saved

📄 Fetching page 31...
   Using cursor: WzEuNzAwMTk1MywiUlhabGJuUlFaVzl3YkdWZk5EQTBNVGcwTU...
✅ Found 30 new attendees
📊 Progress: 930/2805 (33.2%)

📄 Fetching page 32...
   Using cursor: WzEuNDAwMzkwNiwiUlhabGJuUlFaVzl3YkdWZk5ERXpPVEkxTU...
✅ Found 30 new attendees
📊 Progress: 960/2805 (34.2%)

📄 Fetching page 33...
   Using cursor: WzEuNDAwMzkwNiwiUlhabGJuUlFaVzl3YkdWZk5ERXpNemc0TV...
✅ Found 30 new attendees
📊 Progress: 990/2805 (35.3%)

📄 Fetching page 34...
   Using cursor: WzEuNDAwMzkwNiwiUlhabGJuUlFaVzl3YkdWZk5ERXpNelF5Tn...
✅ Found 30 new attendees
📊 Progress: 1020/2805 (36.4%)

📄 Fetching page 35...
   Using cursor: WzEuNDAwMzkwNiwiUlhabGJuUlFaVzl3YkdWZk5ERXpNakk0TW...
✅ Found 30 new attendees
📊 Progress: 1050/2805 (37.4%)

📄 Fetching page 36...
   Using cursor: WzEuNDAwMzkwNiwiUlhabGJuUlFaVzl3YkdWZk5ERXpNVFUzTm...
✅ Found 30 new attendees
📊 Progress: 1080/2805 (38.5%)

📄 Fetching page 37...
   Using cursor: WzEuNDAwMzkwNiwiUlhabGJuUlFaVzl3YkdWZk5ERXlPVFEyTl...
✅ Found 30 new attendees
📊 Progress: 1110/2805 (39.6%)

📄 Fetching page 38...
   Using cursor: WzEuNDAwMzkwNiwiUlhabGJuUlFaVzl3YkdWZk5ERXlPRGt6TW...
✅ Found 30 new attendees
📊 Progress: 1140/2805 (40.6%)

📄 Fetching page 39...
   Using cursor: WzEuNDAwMzkwNiwiUlhabGJuUlFaVzl3YkdWZk5ERXlOVFkzTW...
✅ Found 30 new attendees
📊 Progress: 1170/2805 (41.7%)

📄 Fetching page 40...
   Using cursor: WzEuNDAwMzkwNiwiUlhabGJuUlFaVzl3YkdWZk5ERXlNamt4Tk...
✅ Found 30 new attendees
📊 Progress: 1200/2805 (42.8%)
💾 Checkpoint saved

📄 Fetching page 41...
   Using cursor: WzEuNDAwMzkwNiwiUlhabGJuUlFaVzl3YkdWZk5ERXhPVEF5Tl...
✅ Found 30 new attendees
📊 Progress: 1230/2805 (43.9%)

📄 Fetching page 42...
   Using cursor: WzEuNDAwMzkwNiwiUlhabGJuUlFaVzl3YkdWZk5ERXhOakl4T0...
✅ Found 30 new attendees
📊 Progress: 1260/2805 (44.9%)

📄 Fetching page 43...
   Using cursor: WzEuNDAwMzkwNiwiUlhabGJuUlFaVzl3YkdWZk5ERXhNemt6TU...
✅ Found 30 new attendees
📊 Progress: 1290/2805 (46.0%)

📄 Fetching page 44...
   Using cursor: WzEuNDAwMzkwNiwiUlhabGJuUlFaVzl3YkdWZk5ERXhNRFF4T1...
✅ Found 30 new attendees
📊 Progress: 1320/2805 (47.1%)

📄 Fetching page 45...
   Using cursor: WzEuNDAwMzkwNiwiUlhabGJuUlFaVzl3YkdWZk5ERXdNRFExTn...
✅ Found 30 new attendees
📊 Progress: 1350/2805 (48.1%)

📄 Fetching page 46...
   Using cursor: WzEuNDAwMzkwNiwiUlhabGJuUlFaVzl3YkdWZk5ERTNNakEzTV...
✅ Found 30 new attendees
📊 Progress: 1380/2805 (49.2%)

📄 Fetching page 47...
   Using cursor: WzEuNDAwMzkwNiwiUlhabGJuUlFaVzl3YkdWZk5ERTNNVGM0TW...
✅ Found 30 new attendees
📊 Progress: 1410/2805 (50.3%)

📄 Fetching page 48...
   Using cursor: WzEuNDAwMzkwNiwiUlhabGJuUlFaVzl3YkdWZk5ERTJPVE01TU...
✅ Found 30 new attendees
📊 Progress: 1440/2805 (51.3%)

📄 Fetching page 49...
   Using cursor: WzEuNDAwMzkwNiwiUlhabGJuUlFaVzl3YkdWZk5ERTJPVE00Tn...
✅ Found 30 new attendees
📊 Progress: 1470/2805 (52.4%)

📄 Fetching page 50...
   Using cursor: WzEuNDAwMzkwNiwiUlhabGJuUlFaVzl3YkdWZk5ERTJPVEF5TV...
✅ Found 30 new attendees
📊 Progress: 1500/2805 (53.5%)
💾 Checkpoint saved

📄 Fetching page 51...
   Using cursor: WzEuNDAwMzkwNiwiUlhabGJuUlFaVzl3YkdWZk5ERTJOVEEwTk...
✅ Found 30 new attendees
📊 Progress: 1530/2805 (54.5%)

📄 Fetching page 52...
   Using cursor: WzEuNDAwMzkwNiwiUlhabGJuUlFaVzl3YkdWZk5ERTJORGd6Tm...
✅ Found 30 new attendees
📊 Progress: 1560/2805 (55.6%)

📄 Fetching page 53...
   Using cursor: WzEuNDAwMzkwNiwiUlhabGJuUlFaVzl3YkdWZk5ERTJORFl6T1...
✅ Found 30 new attendees
📊 Progress: 1590/2805 (56.7%)

📄 Fetching page 54...
   Using cursor: WzEuNDAwMzkwNiwiUlhabGJuUlFaVzl3YkdWZk5ERTJOREl4TV...
✅ Found 30 new attendees
📊 Progress: 1620/2805 (57.8%)

📄 Fetching page 55...
   Using cursor: WzEuNDAwMzkwNiwiUlhabGJuUlFaVzl3YkdWZk5ERTJNemt5T0...
✅ Found 30 new attendees
📊 Progress: 1650/2805 (58.8%)

📄 Fetching page 56...
   Using cursor: WzEuNDAwMzkwNiwiUlhabGJuUlFaVzl3YkdWZk5ERTJNVEEwTm...
✅ Found 30 new attendees
📊 Progress: 1680/2805 (59.9%)

📄 Fetching page 57...
   Using cursor: WzEuNDAwMzkwNiwiUlhabGJuUlFaVzl3YkdWZk5ERTJNRGczTX...
✅ Found 30 new attendees
📊 Progress: 1710/2805 (61.0%)

📄 Fetching page 58...
   Using cursor: WzEuNDAwMzkwNiwiUlhabGJuUlFaVzl3YkdWZk5ERTJNRGcyT0...
✅ Found 30 new attendees
📊 Progress: 1740/2805 (62.0%)

📄 Fetching page 59...
   Using cursor: WzEuNDAwMzkwNiwiUlhabGJuUlFaVzl3YkdWZk5ERTJNRFUyTn...
✅ Found 30 new attendees
📊 Progress: 1770/2805 (63.1%)

📄 Fetching page 60...
   Using cursor: WzEuNDAwMzkwNiwiUlhabGJuUlFaVzl3YkdWZk5ERTJNREF4TX...
✅ Found 30 new attendees
📊 Progress: 1800/2805 (64.2%)
💾 Checkpoint saved

📄 Fetching page 61...
   Using cursor: WzEuNDAwMzkwNiwiUlhabGJuUlFaVzl3YkdWZk5ERTFOamMxTW...
✅ Found 30 new attendees
📊 Progress: 1830/2805 (65.2%)

📄 Fetching page 62...
   Using cursor: WzEuNDAwMzkwNiwiUlhabGJuUlFaVzl3YkdWZk5ERTFOalUwTU...
✅ Found 30 new attendees
📊 Progress: 1860/2805 (66.3%)

📄 Fetching page 63...
   Using cursor: WzEuNDAwMzkwNiwiUlhabGJuUlFaVzl3YkdWZk5ERTFOak0xTk...
✅ Found 30 new attendees
📊 Progress: 1890/2805 (67.4%)

📄 Fetching page 64...
   Using cursor: WzEuNDAwMzkwNiwiUlhabGJuUlFaVzl3YkdWZk5ERTFOakF3T1...
✅ Found 30 new attendees
📊 Progress: 1920/2805 (68.4%)

📄 Fetching page 65...
   Using cursor: WzEuNDAwMzkwNiwiUlhabGJuUlFaVzl3YkdWZk5ERTFOVEkyTl...
✅ Found 30 new attendees
📊 Progress: 1950/2805 (69.5%)

📄 Fetching page 66...
   Using cursor: WzEuNDAwMzkwNiwiUlhabGJuUlFaVzl3YkdWZk5ERTFNRFk1TW...
✅ Found 30 new attendees
📊 Progress: 1980/2805 (70.6%)

📄 Fetching page 67...
   Using cursor: WzEuNDAwMzkwNiwiUlhabGJuUlFaVzl3YkdWZk5ERTBPVGt4Tl...
✅ Found 30 new attendees
📊 Progress: 2010/2805 (71.7%)

📄 Fetching page 68...
   Using cursor: WzEuNDAwMzkwNiwiUlhabGJuUlFaVzl3YkdWZk5ERTBPRE15Tk...
✅ Found 30 new attendees
📊 Progress: 2040/2805 (72.7%)

📄 Fetching page 69...
   Using cursor: WzEuNDAwMzkwNiwiUlhabGJuUlFaVzl3YkdWZk5ERTBOek00TW...
✅ Found 30 new attendees
📊 Progress: 2070/2805 (73.8%)

📄 Fetching page 70...
   Using cursor: WzEuNDAwMzkwNiwiUlhabGJuUlFaVzl3YkdWZk5ERTBORFF4TU...
✅ Found 30 new attendees
📊 Progress: 2100/2805 (74.9%)
💾 Checkpoint saved

📄 Fetching page 71...
   Using cursor: WzEuNDAwMzkwNiwiUlhabGJuUlFaVzl3YkdWZk5ERTBNelUwTn...
✅ Found 30 new attendees
📊 Progress: 2130/2805 (75.9%)

📄 Fetching page 72...
   Using cursor: WzEuNDAwMzkwNiwiUlhabGJuUlFaVzl3YkdWZk5ERTBNRGcyTk...
✅ Found 30 new attendees
📊 Progress: 2160/2805 (77.0%)

📄 Fetching page 73...
   Using cursor: WzEuNDAwMzkwNiwiUlhabGJuUlFaVzl3YkdWZk5EQTVOakV5Tk...
✅ Found 30 new attendees
📊 Progress: 2190/2805 (78.1%)

📄 Fetching page 74...
   Using cursor: WzEuNDAwMzkwNiwiUlhabGJuUlFaVzl3YkdWZk5EQTRORFU1T0...
✅ Found 30 new attendees
📊 Progress: 2220/2805 (79.1%)

📄 Fetching page 75...
   Using cursor: WzEuNDAwMzkwNiwiUlhabGJuUlFaVzl3YkdWZk5EQTRNRGc0TX...
✅ Found 30 new attendees
📊 Progress: 2250/2805 (80.2%)

📄 Fetching page 76...
   Using cursor: WzEuNDAwMzkwNiwiUlhabGJuUlFaVzl3YkdWZk5EQTNNek14TV...
✅ Found 30 new attendees
📊 Progress: 2280/2805 (81.3%)

📄 Fetching page 77...
   Using cursor: WzEuNDAwMzkwNiwiUlhabGJuUlFaVzl3YkdWZk5EQTJNelEzTV...
✅ Found 30 new attendees
📊 Progress: 2310/2805 (82.4%)

📄 Fetching page 78...
   Using cursor: WzEuNDAwMzkwNiwiUlhabGJuUlFaVzl3YkdWZk5EQTJNek0yTm...
✅ Found 30 new attendees
📊 Progress: 2340/2805 (83.4%)

📄 Fetching page 79...
   Using cursor: WzEuNDAwMzkwNiwiUlhabGJuUlFaVzl3YkdWZk5EQTJNREl3Tl...
✅ Found 30 new attendees
📊 Progress: 2370/2805 (84.5%)

📄 Fetching page 80...
   Using cursor: WzEuNDAwMzkwNiwiUlhabGJuUlFaVzl3YkdWZk5EQTFOVGswTV...
✅ Found 30 new attendees
📊 Progress: 2400/2805 (85.6%)
💾 Checkpoint saved

📄 Fetching page 81...
   Using cursor: WzEuNDAwMzkwNiwiUlhabGJuUlFaVzl3YkdWZk5EQTBPVEV5Tm...
✅ Found 30 new attendees
📊 Progress: 2430/2805 (86.6%)

📄 Fetching page 82...
   Using cursor: WzEuNDAwMzkwNiwiUlhabGJuUlFaVzl3YkdWZk5EQTBOalkyT1...
✅ Found 30 new attendees
📊 Progress: 2460/2805 (87.7%)

📄 Fetching page 83...
   Using cursor: WzEuNDAwMzkwNiwiUlhabGJuUlFaVzl3YkdWZk5EQTBOVEkyT0...
✅ Found 30 new attendees
📊 Progress: 2490/2805 (88.8%)

📄 Fetching page 84...
   Using cursor: WzEuNDAwMzkwNiwiUlhabGJuUlFaVzl3YkdWZk5EQTBNVGd6Tm...
✅ Found 30 new attendees
📊 Progress: 2520/2805 (89.8%)

📄 Fetching page 85...
   Using cursor: WzEuNDAwMzkwNiwiUlhabGJuUlFaVzl3YkdWZk5EQTBNVGd6TV...
✅ Found 30 new attendees
📊 Progress: 2550/2805 (90.9%)

📄 Fetching page 86...
   Using cursor: WzEuNDAwMzkwNiwiUlhabGJuUlFaVzl3YkdWZk5EQTBNVGcyTn...
✅ Found 30 new attendees
📊 Progress: 2580/2805 (92.0%)

📄 Fetching page 87...
   Using cursor: WzEuNDAwMzkwNiwiUlhabGJuUlFaVzl3YkdWZk5EQTBNVGcyTX...
✅ Found 30 new attendees
📊 Progress: 2610/2805 (93.0%)

📄 Fetching page 88...
   Using cursor: WzEuNDAwMzkwNiwiUlhabGJuUlFaVzl3YkdWZk5EQTBNVGcxT1...
✅ Found 30 new attendees
📊 Progress: 2640/2805 (94.1%)

📄 Fetching page 89...
   Using cursor: WzEuNDAwMzkwNiwiUlhabGJuUlFaVzl3YkdWZk5EQTBNVGcwTm...
✅ Found 30 new attendees
📊 Progress: 2670/2805 (95.2%)

📄 Fetching page 90...
   Using cursor: WzEuNDAwMzkwNiwiUlhabGJuUlFaVzl3YkdWZk5EQTBNVGcwTW...
✅ Found 30 new attendees
📊 Progress: 2700/2805 (96.3%)
💾 Checkpoint saved

📄 Fetching page 91...
   Using cursor: WzEuMjk5ODA0NywiUlhabGJuUlFaVzl3YkdWZk5ERTNNakE0T0...
✅ Found 30 new attendees
📊 Progress: 2730/2805 (97.3%)

📄 Fetching page 92...
   Using cursor: WzEuMjk5ODA0NywiUlhabGJuUlFaVzl3YkdWZk5EQTFOVGswTW...
✅ Found 30 new attendees
📊 Progress: 2760/2805 (98.4%)

📄 Fetching page 93...
   Using cursor: WzEuMjAwMTk1MywiUlhabGJuUlFaVzl3YkdWZk5ERTNNakE0T0...
✅ Found 30 new attendees
📊 Progress: 2790/2805 (99.5%)

📄 Fetching page 94...
   Using cursor: WzEuMjAwMTk1MywiUlhabGJuUlFaVzl3YkdWZk5EQTJNek0zTU...
✅ Found 15 new attendees
📊 Progress: 2805/2805 (100.0%)

✅ Reached expected total of 2805 attendees!

🎉 Reached the last page!
💾 Saved 2805 attendees to data/runs/2025-09-12_172529/all_attendees.csv
💾 Saved 2805 attendees to data/runs/2025-09-12_172529/all_attendees.json

==================================================
📈 FINAL SUMMARY
==================================================
Total attendees collected: 2805
Unique attendees: 2805
Expected total: 2805
Collection rate: 100.0%
Unique organizations: 1466

👥 First 5 attendees:
1. Jean Francois Laplante         - Dimonoff inc.
2. Philippe Allard Gagnon         - IA Groupe financier
3. Isabelle Bouchard              - Osedea
4. Carl Lapierre                  - Osedea
5. Hugo Turlet                    - Osedea

👥 Last 5 attendees:
1. Boit LAUZON                    - None
2. Jana HATEM                     - None
3. Carlyle COUTINHO               - None
4. Bhushan IVATURI                - None
5. Georges TETEGAN                - None

✅ Scraping completed at: 2025-09-12 17:26:30
============================================================
