============================================================
ALL IN 2025 - ATTENDEE SCRAPER
Started at: 2025-09-11 16:59:17
============================================================
🚀 Starting automated complete scrape...
   Will automatically fetch all available pages

📄 Fetching initial page (attendees 1-30)...
📊 Total attendees available: 2597
📄 Estimated pages to fetch: 87
✅ Found 30 attendees on initial page
   First: Jean Francois Laplante
   Last: Andrea Roy
   Next cursor: WzEuNzAwMTk1MywiUlhabGJuUlFaVzl3YkdWZk5ERXpNemczT0...

📄 Fetching page 2...
   Using cursor: WzEuNzAwMTk1MywiUlhabGJuUlFaVzl3YkdWZk5ERXpNemczT0...
✅ Found 30 new attendees
📊 Progress: 60/2597 (2.3%)

📄 Fetching page 3...
   Using cursor: WzEuNzAwMTk1MywiUlhabGJuUlFaVzl3YkdWZk5ERXlPVGN3Tn...
✅ Found 30 new attendees
📊 Progress: 90/2597 (3.5%)

📄 Fetching page 4...
   Using cursor: WzEuNzAwMTk1MywiUlhabGJuUlFaVzl3YkdWZk5ERXlOVEkxTn...
✅ Found 30 new attendees
📊 Progress: 120/2597 (4.6%)

📄 Fetching page 5...
   Using cursor: WzEuNzAwMTk1MywiUlhabGJuUlFaVzl3YkdWZk5ERXhPRFl3Tn...
✅ Found 30 new attendees
📊 Progress: 150/2597 (5.8%)

📄 Fetching page 6...
   Using cursor: WzEuNzAwMTk1MywiUlhabGJuUlFaVzl3YkdWZk5ERXhNemczTm...
✅ Found 30 new attendees
📊 Progress: 180/2597 (6.9%)

📄 Fetching page 7...
   Using cursor: WzEuNzAwMTk1MywiUlhabGJuUlFaVzl3YkdWZk5ERTJPVEF5TX...
✅ Found 30 new attendees
📊 Progress: 210/2597 (8.1%)

📄 Fetching page 8...
   Using cursor: WzEuNzAwMTk1MywiUlhabGJuUlFaVzl3YkdWZk5ERTJOREl4TW...
✅ Found 30 new attendees
📊 Progress: 240/2597 (9.2%)

📄 Fetching page 9...
   Using cursor: WzEuNzAwMTk1MywiUlhabGJuUlFaVzl3YkdWZk5ERTJNVEEwTX...
✅ Found 30 new attendees
📊 Progress: 270/2597 (10.4%)

📄 Fetching page 10...
   Using cursor: WzEuNzAwMTk1MywiUlhabGJuUlFaVzl3YkdWZk5ERTJNRGcyTm...
✅ Found 30 new attendees
📊 Progress: 300/2597 (11.6%)
💾 Checkpoint saved

📄 Fetching page 11...
   Using cursor: WzEuNzAwMTk1MywiUlhabGJuUlFaVzl3YkdWZk5ERTFPVFl3Tm...
✅ Found 30 new attendees
📊 Progress: 330/2597 (12.7%)

📄 Fetching page 12...
   Using cursor: WzEuNzAwMTk1MywiUlhabGJuUlFaVzl3YkdWZk5ERTFOalV6T1...
✅ Found 30 new attendees
📊 Progress: 360/2597 (13.9%)

📄 Fetching page 13...
   Using cursor: WzEuNzAwMTk1MywiUlhabGJuUlFaVzl3YkdWZk5ERTFOakF4TU...
✅ Found 30 new attendees
📊 Progress: 390/2597 (15.0%)

📄 Fetching page 14...
   Using cursor: WzEuNzAwMTk1MywiUlhabGJuUlFaVzl3YkdWZk5ERTFOVEV6Tk...
✅ Found 30 new attendees
📊 Progress: 420/2597 (16.2%)

📄 Fetching page 15...
   Using cursor: WzEuNzAwMTk1MywiUlhabGJuUlFaVzl3YkdWZk5ERTBPRFEyT0...
✅ Found 30 new attendees
📊 Progress: 450/2597 (17.3%)

📄 Fetching page 16...
   Using cursor: WzEuNzAwMTk1MywiUlhabGJuUlFaVzl3YkdWZk5ERTBORFF3T1...
✅ Found 30 new attendees
📊 Progress: 480/2597 (18.5%)

📄 Fetching page 17...
   Using cursor: WzEuNzAwMTk1MywiUlhabGJuUlFaVzl3YkdWZk5ERTBNRGcyTl...
✅ Found 30 new attendees
📊 Progress: 510/2597 (19.6%)

📄 Fetching page 18...
   Using cursor: WzEuNzAwMTk1MywiUlhabGJuUlFaVzl3YkdWZk5EQTVOakUyTm...
✅ Found 30 new attendees
📊 Progress: 540/2597 (20.8%)

📄 Fetching page 19...
   Using cursor: WzEuNzAwMTk1MywiUlhabGJuUlFaVzl3YkdWZk5EQTRORFUwTW...
✅ Found 30 new attendees
📊 Progress: 570/2597 (21.9%)

📄 Fetching page 20...
   Using cursor: WzEuNzAwMTk1MywiUlhabGJuUlFaVzl3YkdWZk5EQTNNekE1T0...
✅ Found 30 new attendees
📊 Progress: 600/2597 (23.1%)
💾 Checkpoint saved

📄 Fetching page 21...
   Using cursor: WzEuNzAwMTk1MywiUlhabGJuUlFaVzl3YkdWZk5EQTJNek0yT1...
✅ Found 30 new attendees
📊 Progress: 630/2597 (24.3%)

📄 Fetching page 22...
   Using cursor: WzEuNzAwMTk1MywiUlhabGJuUlFaVzl3YkdWZk5EQTFOamd3TW...
✅ Found 30 new attendees
📊 Progress: 660/2597 (25.4%)

📄 Fetching page 23...
   Using cursor: WzEuNzAwMTk1MywiUlhabGJuUlFaVzl3YkdWZk5EQTFOVGt6Tn...
✅ Found 30 new attendees
📊 Progress: 690/2597 (26.6%)

📄 Fetching page 24...
   Using cursor: WzEuNzAwMTk1MywiUlhabGJuUlFaVzl3YkdWZk5EQTFOVEk1TX...
✅ Found 30 new attendees
📊 Progress: 720/2597 (27.7%)

📄 Fetching page 25...
   Using cursor: WzEuNzAwMTk1MywiUlhabGJuUlFaVzl3YkdWZk5EQTBNVGd6T1...
✅ Found 30 new attendees
📊 Progress: 750/2597 (28.9%)

📄 Fetching page 26...
   Using cursor: WzEuNzAwMTk1MywiUlhabGJuUlFaVzl3YkdWZk5EQTBNVGd6Tk...
✅ Found 30 new attendees
📊 Progress: 780/2597 (30.0%)

📄 Fetching page 27...
   Using cursor: WzEuNzAwMTk1MywiUlhabGJuUlFaVzl3YkdWZk5EQTBNVGcyT0...
✅ Found 30 new attendees
📊 Progress: 810/2597 (31.2%)

📄 Fetching page 28...
   Using cursor: WzEuNzAwMTk1MywiUlhabGJuUlFaVzl3YkdWZk5EQTBNVGcwTn...
✅ Found 30 new attendees
📊 Progress: 840/2597 (32.3%)

📄 Fetching page 29...
   Using cursor: WzEuNTk5NjA5NCwiUlhabGJuUlFaVzl3YkdWZk5ERTBOamc0T0...
✅ Found 30 new attendees
📊 Progress: 870/2597 (33.5%)

📄 Fetching page 30...
   Using cursor: WzEuNDAwMzkwNiwiUlhabGJuUlFaVzl3YkdWZk5ERXpPRGd5T0...
✅ Found 30 new attendees
📊 Progress: 900/2597 (34.7%)
💾 Checkpoint saved

📄 Fetching page 31...
   Using cursor: WzEuNDAwMzkwNiwiUlhabGJuUlFaVzl3YkdWZk5ERXpNemc0TU...
✅ Found 30 new attendees
📊 Progress: 930/2597 (35.8%)

📄 Fetching page 32...
   Using cursor: WzEuNDAwMzkwNiwiUlhabGJuUlFaVzl3YkdWZk5ERXpNelF4TU...
✅ Found 30 new attendees
📊 Progress: 960/2597 (37.0%)

📄 Fetching page 33...
   Using cursor: WzEuNDAwMzkwNiwiUlhabGJuUlFaVzl3YkdWZk5ERXpNVGsxTm...
✅ Found 30 new attendees
📊 Progress: 990/2597 (38.1%)

📄 Fetching page 34...
   Using cursor: WzEuNDAwMzkwNiwiUlhabGJuUlFaVzl3YkdWZk5ERXpNVFUzTl...
✅ Found 30 new attendees
📊 Progress: 1020/2597 (39.3%)

📄 Fetching page 35...
   Using cursor: WzEuNDAwMzkwNiwiUlhabGJuUlFaVzl3YkdWZk5ERXlPVFEyTk...
✅ Found 30 new attendees
📊 Progress: 1050/2597 (40.4%)

📄 Fetching page 36...
   Using cursor: WzEuNDAwMzkwNiwiUlhabGJuUlFaVzl3YkdWZk5ERXlOakF4Tk...
✅ Found 30 new attendees
📊 Progress: 1080/2597 (41.6%)

📄 Fetching page 37...
   Using cursor: WzEuNDAwMzkwNiwiUlhabGJuUlFaVzl3YkdWZk5ERXlOVFEzTn...
✅ Found 30 new attendees
📊 Progress: 1110/2597 (42.7%)

📄 Fetching page 38...
   Using cursor: WzEuNDAwMzkwNiwiUlhabGJuUlFaVzl3YkdWZk5ERXlNamczT0...
✅ Found 30 new attendees
📊 Progress: 1140/2597 (43.9%)

📄 Fetching page 39...
   Using cursor: WzEuNDAwMzkwNiwiUlhabGJuUlFaVzl3YkdWZk5ERXhPRFUwT1...
✅ Found 30 new attendees
📊 Progress: 1170/2597 (45.1%)

📄 Fetching page 40...
   Using cursor: WzEuNDAwMzkwNiwiUlhabGJuUlFaVzl3YkdWZk5ERXhOVGc1T0...
✅ Found 30 new attendees
📊 Progress: 1200/2597 (46.2%)
💾 Checkpoint saved

📄 Fetching page 41...
   Using cursor: WzEuNDAwMzkwNiwiUlhabGJuUlFaVzl3YkdWZk5ERXhNekkwTn...
✅ Found 30 new attendees
📊 Progress: 1230/2597 (47.4%)

📄 Fetching page 42...
   Using cursor: WzEuNDAwMzkwNiwiUlhabGJuUlFaVzl3YkdWZk5ERXdOemt3TV...
✅ Found 30 new attendees
📊 Progress: 1260/2597 (48.5%)

📄 Fetching page 43...
   Using cursor: WzEuNDAwMzkwNiwiUlhabGJuUlFaVzl3YkdWZk5ERTJPVEF5TW...
✅ Found 30 new attendees
📊 Progress: 1290/2597 (49.7%)

📄 Fetching page 44...
   Using cursor: WzEuNDAwMzkwNiwiUlhabGJuUlFaVzl3YkdWZk5ERTJPVEF4T1...
✅ Found 30 new attendees
📊 Progress: 1320/2597 (50.8%)

📄 Fetching page 45...
   Using cursor: WzEuNDAwMzkwNiwiUlhabGJuUlFaVzl3YkdWZk5ERTJORGswT1...
✅ Found 30 new attendees
📊 Progress: 1350/2597 (52.0%)

📄 Fetching page 46...
   Using cursor: WzEuNDAwMzkwNiwiUlhabGJuUlFaVzl3YkdWZk5ERTJORGd6Tk...
✅ Found 30 new attendees
📊 Progress: 1380/2597 (53.1%)

📄 Fetching page 47...
   Using cursor: WzEuNDAwMzkwNiwiUlhabGJuUlFaVzl3YkdWZk5ERTJORFF4TW...
✅ Found 30 new attendees
📊 Progress: 1410/2597 (54.3%)

📄 Fetching page 48...
   Using cursor: WzEuNDAwMzkwNiwiUlhabGJuUlFaVzl3YkdWZk5ERTJNemt5T1...
✅ Found 30 new attendees
📊 Progress: 1440/2597 (55.4%)

📄 Fetching page 49...
   Using cursor: WzEuNDAwMzkwNiwiUlhabGJuUlFaVzl3YkdWZk5ERTJNelExTn...
✅ Found 30 new attendees
📊 Progress: 1470/2597 (56.6%)

📄 Fetching page 50...
   Using cursor: WzEuNDAwMzkwNiwiUlhabGJuUlFaVzl3YkdWZk5ERTJNVEEwTk...
✅ Found 30 new attendees
📊 Progress: 1500/2597 (57.8%)
💾 Checkpoint saved

📄 Fetching page 51...
   Using cursor: WzEuNDAwMzkwNiwiUlhabGJuUlFaVzl3YkdWZk5ERTJNRGczTV...
✅ Found 30 new attendees
📊 Progress: 1530/2597 (58.9%)

📄 Fetching page 52...
   Using cursor: WzEuNDAwMzkwNiwiUlhabGJuUlFaVzl3YkdWZk5ERTJNRGcyTm...
✅ Found 30 new attendees
📊 Progress: 1560/2597 (60.1%)

📄 Fetching page 53...
   Using cursor: WzEuNDAwMzkwNiwiUlhabGJuUlFaVzl3YkdWZk5ERTJNRFUyTm...
✅ Found 30 new attendees
📊 Progress: 1590/2597 (61.2%)

📄 Fetching page 54...
   Using cursor: WzEuNDAwMzkwNiwiUlhabGJuUlFaVzl3YkdWZk5ERTFPVFl3Tm...
✅ Found 30 new attendees
📊 Progress: 1620/2597 (62.4%)

📄 Fetching page 55...
   Using cursor: WzEuNDAwMzkwNiwiUlhabGJuUlFaVzl3YkdWZk5ERTFOamMxTV...
✅ Found 30 new attendees
📊 Progress: 1650/2597 (63.5%)

📄 Fetching page 56...
   Using cursor: WzEuNDAwMzkwNiwiUlhabGJuUlFaVzl3YkdWZk5ERTFOalF6T0...
✅ Found 30 new attendees
📊 Progress: 1680/2597 (64.7%)

📄 Fetching page 57...
   Using cursor: WzEuNDAwMzkwNiwiUlhabGJuUlFaVzl3YkdWZk5ERTFOakF4TW...
✅ Found 30 new attendees
📊 Progress: 1710/2597 (65.8%)

📄 Fetching page 58...
   Using cursor: WzEuNDAwMzkwNiwiUlhabGJuUlFaVzl3YkdWZk5ERTFOVGd3Tm...
✅ Found 30 new attendees
📊 Progress: 1740/2597 (67.0%)

📄 Fetching page 59...
   Using cursor: WzEuNDAwMzkwNiwiUlhabGJuUlFaVzl3YkdWZk5ERTFOVEV6Tk...
✅ Found 30 new attendees
📊 Progress: 1770/2597 (68.2%)

📄 Fetching page 60...
   Using cursor: WzEuNDAwMzkwNiwiUlhabGJuUlFaVzl3YkdWZk5ERTFNRE00Tk...
✅ Found 30 new attendees
📊 Progress: 1800/2597 (69.3%)
💾 Checkpoint saved

📄 Fetching page 61...
   Using cursor: WzEuNDAwMzkwNiwiUlhabGJuUlFaVzl3YkdWZk5ERTBPVGN4TX...
✅ Found 30 new attendees
📊 Progress: 1830/2597 (70.5%)

📄 Fetching page 62...
   Using cursor: WzEuNDAwMzkwNiwiUlhabGJuUlFaVzl3YkdWZk5ERTBPREE0TU...
✅ Found 30 new attendees
📊 Progress: 1860/2597 (71.6%)

📄 Fetching page 63...
   Using cursor: WzEuNDAwMzkwNiwiUlhabGJuUlFaVzl3YkdWZk5ERTBOalE0Tn...
✅ Found 30 new attendees
📊 Progress: 1890/2597 (72.8%)

📄 Fetching page 64...
   Using cursor: WzEuNDAwMzkwNiwiUlhabGJuUlFaVzl3YkdWZk5ERTBORFF3T0...
✅ Found 30 new attendees
📊 Progress: 1920/2597 (73.9%)

📄 Fetching page 65...
   Using cursor: WzEuNDAwMzkwNiwiUlhabGJuUlFaVzl3YkdWZk5ERTBNekF5T1...
✅ Found 30 new attendees
📊 Progress: 1950/2597 (75.1%)

📄 Fetching page 66...
   Using cursor: WzEuNDAwMzkwNiwiUlhabGJuUlFaVzl3YkdWZk5ERTBNRGM0Tk...
✅ Found 30 new attendees
📊 Progress: 1980/2597 (76.2%)

📄 Fetching page 67...
   Using cursor: WzEuNDAwMzkwNiwiUlhabGJuUlFaVzl3YkdWZk5EQTVNemM0T0...
✅ Found 30 new attendees
📊 Progress: 2010/2597 (77.4%)

📄 Fetching page 68...
   Using cursor: WzEuNDAwMzkwNiwiUlhabGJuUlFaVzl3YkdWZk5EQTRNell5TU...
✅ Found 30 new attendees
📊 Progress: 2040/2597 (78.6%)

📄 Fetching page 69...
   Using cursor: WzEuNDAwMzkwNiwiUlhabGJuUlFaVzl3YkdWZk5EQTRNRE01TW...
✅ Found 30 new attendees
📊 Progress: 2070/2597 (79.7%)

📄 Fetching page 70...
   Using cursor: WzEuNDAwMzkwNiwiUlhabGJuUlFaVzl3YkdWZk5EQTNNekU1TX...
✅ Found 30 new attendees
📊 Progress: 2100/2597 (80.9%)
💾 Checkpoint saved

📄 Fetching page 71...
   Using cursor: WzEuNDAwMzkwNiwiUlhabGJuUlFaVzl3YkdWZk5EQTJNelEzTU...
✅ Found 30 new attendees
📊 Progress: 2130/2597 (82.0%)

📄 Fetching page 72...
   Using cursor: WzEuNDAwMzkwNiwiUlhabGJuUlFaVzl3YkdWZk5EQTJNekkzTk...
✅ Found 30 new attendees
📊 Progress: 2160/2597 (83.2%)

📄 Fetching page 73...
   Using cursor: WzEuNDAwMzkwNiwiUlhabGJuUlFaVzl3YkdWZk5EQTFPVFk0T0...
✅ Found 30 new attendees
📊 Progress: 2190/2597 (84.3%)

📄 Fetching page 74...
   Using cursor: WzEuNDAwMzkwNiwiUlhabGJuUlFaVzl3YkdWZk5EQTFOVGswTU...
✅ Found 30 new attendees
📊 Progress: 2220/2597 (85.5%)

📄 Fetching page 75...
   Using cursor: WzEuNDAwMzkwNiwiUlhabGJuUlFaVzl3YkdWZk5EQTBPVEE0Tn...
✅ Found 30 new attendees
📊 Progress: 2250/2597 (86.6%)

📄 Fetching page 76...
   Using cursor: WzEuNDAwMzkwNiwiUlhabGJuUlFaVzl3YkdWZk5EQTBOalUxTk...
✅ Found 30 new attendees
📊 Progress: 2280/2597 (87.8%)

📄 Fetching page 77...
   Using cursor: WzEuNDAwMzkwNiwiUlhabGJuUlFaVzl3YkdWZk5EQTBOVEV6T1...
✅ Found 30 new attendees
📊 Progress: 2310/2597 (88.9%)

📄 Fetching page 78...
   Using cursor: WzEuNDAwMzkwNiwiUlhabGJuUlFaVzl3YkdWZk5EQTBNVGd6Tm...
✅ Found 30 new attendees
📊 Progress: 2340/2597 (90.1%)

📄 Fetching page 79...
   Using cursor: WzEuNDAwMzkwNiwiUlhabGJuUlFaVzl3YkdWZk5EQTBNVGd6TU...
✅ Found 30 new attendees
📊 Progress: 2370/2597 (91.3%)

📄 Fetching page 80...
   Using cursor: WzEuNDAwMzkwNiwiUlhabGJuUlFaVzl3YkdWZk5EQTBNVGcyTn...
✅ Found 30 new attendees
📊 Progress: 2400/2597 (92.4%)
💾 Checkpoint saved

📄 Fetching page 81...
   Using cursor: WzEuNDAwMzkwNiwiUlhabGJuUlFaVzl3YkdWZk5EQTBNVGcyTX...
✅ Found 30 new attendees
📊 Progress: 2430/2597 (93.6%)

📄 Fetching page 82...
   Using cursor: WzEuNDAwMzkwNiwiUlhabGJuUlFaVzl3YkdWZk5EQTBNVGcxT0...
✅ Found 30 new attendees
📊 Progress: 2460/2597 (94.7%)

📄 Fetching page 83...
   Using cursor: WzEuNDAwMzkwNiwiUlhabGJuUlFaVzl3YkdWZk5EQTBNVGcwTm...
✅ Found 30 new attendees
📊 Progress: 2490/2597 (95.9%)

📄 Fetching page 84...
   Using cursor: WzEuNDAwMzkwNiwiUlhabGJuUlFaVzl3YkdWZk5EQTBNVGcwTW...
✅ Found 30 new attendees
📊 Progress: 2520/2597 (97.0%)

📄 Fetching page 85...
   Using cursor: WzEuMjk5ODA0NywiUlhabGJuUlFaVzl3YkdWZk5EQXpNVFl5TV...
✅ Found 30 new attendees
📊 Progress: 2550/2597 (98.2%)

📄 Fetching page 86...
   Using cursor: WzEuMjk5ODA0NywiUlhabGJuUlFaVzl3YkdWZk5EQTBNVFUxT1...
✅ Found 30 new attendees
📊 Progress: 2580/2597 (99.3%)

📄 Fetching page 87...
   Using cursor: WzEuMjAwMTk1MywiUlhabGJuUlFaVzl3YkdWZk5EQTJNek0zTU...
✅ Found 17 new attendees
📊 Progress: 2597/2597 (100.0%)

✅ Reached expected total of 2597 attendees!

🎉 Reached the last page!
💾 Saved 2597 attendees to data/runs/2025-09-11_165917/all_attendees.csv
💾 Saved 2597 attendees to data/runs/2025-09-11_165917/all_attendees.json

==================================================
📈 FINAL SUMMARY
==================================================
Total attendees collected: 2597
Unique attendees: 2597
Expected total: 2597
Collection rate: 100.0%
Unique organizations: 1390

👥 First 5 attendees:
1. Jean Francois Laplante         - Dimonoff inc.
2. Philippe Allard Gagnon         - IA Groupe financier
3. Isabelle Bouchard              - Osedea
4. Carl Lapierre                  - Osedea
5. Hugo Turlet                    - Osedea

👥 Last 5 attendees:
1. Jana HATEM                     - None
2. Christopher BOURQUE            - None
3. Carlyle COUTINHO               - None
4. Bhushan IVATURI                - None
5. Georges TETEGAN                - None

✅ Scraping completed at: 2025-09-11 17:00:15
============================================================
